<?xml version="1.0" encoding="UTF-8"?>
<testng-results ignored="0" total="1" passed="1" failed="0" skipped="0">
  <reporter-output>
  </reporter-output>
  <suite started-at="2019-07-03T09:40:32Z" name="Surefire suite" finished-at="2019-07-03T09:40:41Z" duration-ms="9237">
    <groups>
    </groups>
    <test started-at="2019-07-03T09:40:32Z" name="Surefire test" finished-at="2019-07-03T09:40:41Z" duration-ms="9237">
      <class name="com.demo.test.TestProgram">
        <test-method signature="launchBrowser()[pri:0, instance:com.demo.test.TestProgram@23fe1d71]" started-at="2019-07-03T09:40:32Z" name="launchBrowser" finished-at="2019-07-03T09:40:41Z" duration-ms="9216" status="PASS">
          <reporter-output>
          </reporter-output>
        </test-method> <!-- launchBrowser -->
      </class> <!-- com.demo.test.TestProgram -->
    </test> <!-- Surefire test -->
  </suite> <!-- Surefire suite -->
</testng-results>
