<?xml version="1.0" encoding="UTF-8"?>
<testng-results ignored="0" total="1" passed="1" failed="0" skipped="0">
  <reporter-output>
  </reporter-output>
  <suite started-at="2019-06-19T09:40:06Z" name="Default suite" finished-at="2019-06-19T09:40:22Z" duration-ms="16269">
    <groups>
    </groups>
    <test started-at="2019-06-19T09:40:06Z" name="Default test" finished-at="2019-06-19T09:40:22Z" duration-ms="16269">
      <class name="com.demo.test.Browser">
        <test-method signature="openBrowser()[pri:0, instance:com.demo.test.Browser@5af97850]" started-at="2019-06-19T09:40:06Z" name="openBrowser" finished-at="2019-06-19T09:40:22Z" duration-ms="16201" status="PASS">
          <reporter-output>
          </reporter-output>
        </test-method> <!-- openBrowser -->
      </class> <!-- com.demo.test.Browser -->
    </test> <!-- Default test -->
  </suite> <!-- Default suite -->
</testng-results>
